2025-09-10 09:00:09,911:WARNING:
'cuml' is a soft dependency and not included in the pycaret installation. Please run: `pip install cuml` to install.
2025-09-10 09:00:09,912:WARNING:
'cuml' is a soft dependency and not included in the pycaret installation. Please run: `pip install cuml` to install.
2025-09-10 09:00:09,912:WARNING:
'cuml' is a soft dependency and not included in the pycaret installation. Please run: `pip install cuml` to install.
2025-09-10 09:00:09,912:WARNING:
'cuml' is a soft dependency and not included in the pycaret installation. Please run: `pip install cuml` to install.
2025-09-10 19:45:32,539:WARNING:
'cuml' is a soft dependency and not included in the pycaret installation. Please run: `pip install cuml` to install.
2025-09-10 19:45:32,540:WARNING:
'cuml' is a soft dependency and not included in the pycaret installation. Please run: `pip install cuml` to install.
2025-09-10 19:45:32,540:WARNING:
'cuml' is a soft dependency and not included in the pycaret installation. Please run: `pip install cuml` to install.
2025-09-10 19:45:32,540:WARNING:
'cuml' is a soft dependency and not included in the pycaret installation. Please run: `pip install cuml` to install.
2025-09-10 19:47:22,153:INFO:PyCaret ClassificationExperiment
2025-09-10 19:47:22,153:INFO:Logging name: clf-default-name
2025-09-10 19:47:22,153:INFO:ML Usecase: MLUsecase.CLASSIFICATION
2025-09-10 19:47:22,153:INFO:version 3.3.2
2025-09-10 19:47:22,153:INFO:Initializing setup()
2025-09-10 19:47:22,153:INFO:self.USI: 22e6
2025-09-10 19:47:22,153:INFO:self._variable_keys: {'html_param', 'fold_generator', 'pipeline', 'X', 'data', '_ml_usecase', 'target_param', 'X_test', 'fix_imbalance', 'memory', 'y_train', 'exp_name_log', 'log_plots_param', 'seed', 'is_multiclass', '_available_plots', 'exp_id', 'y_test', 'gpu_param', 'X_train', 'USI', 'gpu_n_jobs_param', 'y', 'fold_shuffle_param', 'logging_param', 'fold_groups_param', 'idx', 'n_jobs_param'}
2025-09-10 19:47:22,153:INFO:Checking environment
2025-09-10 19:47:22,153:INFO:python_version: 3.11.13
2025-09-10 19:47:22,153:INFO:python_build: ('main', 'Jun  4 2025 14:48:23')
2025-09-10 19:47:22,153:INFO:machine: x86_64
2025-09-10 19:47:22,153:INFO:platform: Linux-6.12.43+deb13-amd64-x86_64-with-glibc2.38
2025-09-10 19:47:22,153:INFO:Memory: svmem(total=8231563264, available=3122868224, percent=62.1, used=4191088640, free=238493696, active=4618887168, inactive=1811017728, buffers=75845632, cached=3726135296, shared=601997312, slab=986460160)
2025-09-10 19:47:22,154:INFO:Physical Core: 2
2025-09-10 19:47:22,154:INFO:Logical Core: 4
2025-09-10 19:47:22,154:INFO:Checking libraries
2025-09-10 19:47:22,154:INFO:System:
2025-09-10 19:47:22,154:INFO:    python: 3.11.13 | packaged by conda-forge | (main, Jun  4 2025, 14:48:23) [GCC 13.3.0]
2025-09-10 19:47:22,154:INFO:executable: /home/doodh/Downloads/venvs/pycaret/bin/python
2025-09-10 19:47:22,154:INFO:   machine: Linux-6.12.43+deb13-amd64-x86_64-with-glibc2.38
2025-09-10 19:47:22,154:INFO:PyCaret required dependencies:
2025-09-10 19:47:22,228:INFO:                 pip: 25.2
2025-09-10 19:47:22,228:INFO:          setuptools: 80.9.0
2025-09-10 19:47:22,228:INFO:             pycaret: 3.3.2
2025-09-10 19:47:22,228:INFO:             IPython: 9.5.0
2025-09-10 19:47:22,228:INFO:          ipywidgets: 8.1.7
2025-09-10 19:47:22,228:INFO:                tqdm: 4.67.1
2025-09-10 19:47:22,228:INFO:               numpy: 1.26.4
2025-09-10 19:47:22,229:INFO:              pandas: 2.1.4
2025-09-10 19:47:22,229:INFO:              jinja2: 3.1.6
2025-09-10 19:47:22,229:INFO:               scipy: 1.11.4
2025-09-10 19:47:22,229:INFO:              joblib: 1.3.2
2025-09-10 19:47:22,229:INFO:             sklearn: 1.4.2
2025-09-10 19:47:22,229:INFO:                pyod: 2.0.5
2025-09-10 19:47:22,229:INFO:            imblearn: 0.14.0
2025-09-10 19:47:22,229:INFO:   category_encoders: 2.7.0
2025-09-10 19:47:22,229:INFO:            lightgbm: 4.6.0
2025-09-10 19:47:22,229:INFO:               numba: 0.61.2
2025-09-10 19:47:22,229:INFO:            requests: 2.32.5
2025-09-10 19:47:22,229:INFO:          matplotlib: 3.7.5
2025-09-10 19:47:22,229:INFO:          scikitplot: 0.3.7
2025-09-10 19:47:22,229:INFO:         yellowbrick: 1.5
2025-09-10 19:47:22,229:INFO:              plotly: 6.3.0
2025-09-10 19:47:22,229:INFO:    plotly-resampler: Not installed
2025-09-10 19:47:22,229:INFO:             kaleido: 1.0.0
2025-09-10 19:47:22,229:INFO:           schemdraw: 0.15
2025-09-10 19:47:22,229:INFO:         statsmodels: 0.14.5
2025-09-10 19:47:22,229:INFO:              sktime: 0.26.0
2025-09-10 19:47:22,229:INFO:               tbats: 1.1.3
2025-09-10 19:47:22,229:INFO:            pmdarima: 2.0.4
2025-09-10 19:47:22,229:INFO:              psutil: 7.0.0
2025-09-10 19:47:22,229:INFO:          markupsafe: 3.0.2
2025-09-10 19:47:22,229:INFO:             pickle5: Not installed
2025-09-10 19:47:22,229:INFO:         cloudpickle: 3.1.1
2025-09-10 19:47:22,229:INFO:         deprecation: 2.1.0
2025-09-10 19:47:22,229:INFO:              xxhash: 3.5.0
2025-09-10 19:47:22,229:INFO:           wurlitzer: 3.1.1
2025-09-10 19:47:22,229:INFO:PyCaret optional dependencies:
2025-09-10 19:47:22,255:INFO:                shap: Not installed
2025-09-10 19:47:22,256:INFO:           interpret: Not installed
2025-09-10 19:47:22,256:INFO:                umap: Not installed
2025-09-10 19:47:22,256:INFO:     ydata_profiling: Not installed
2025-09-10 19:47:22,256:INFO:  explainerdashboard: Not installed
2025-09-10 19:47:22,256:INFO:             autoviz: Not installed
2025-09-10 19:47:22,256:INFO:           fairlearn: Not installed
2025-09-10 19:47:22,256:INFO:          deepchecks: Not installed
2025-09-10 19:47:22,256:INFO:             xgboost: 3.0.5
2025-09-10 19:47:22,256:INFO:            catboost: Not installed
2025-09-10 19:47:22,256:INFO:              kmodes: Not installed
2025-09-10 19:47:22,256:INFO:             mlxtend: Not installed
2025-09-10 19:47:22,256:INFO:       statsforecast: Not installed
2025-09-10 19:47:22,256:INFO:        tune_sklearn: Not installed
2025-09-10 19:47:22,256:INFO:                 ray: Not installed
2025-09-10 19:47:22,256:INFO:            hyperopt: Not installed
2025-09-10 19:47:22,256:INFO:              optuna: Not installed
2025-09-10 19:47:22,256:INFO:               skopt: Not installed
2025-09-10 19:47:22,256:INFO:              mlflow: Not installed
2025-09-10 19:47:22,256:INFO:              gradio: Not installed
2025-09-10 19:47:22,256:INFO:             fastapi: Not installed
2025-09-10 19:47:22,256:INFO:             uvicorn: Not installed
2025-09-10 19:47:22,256:INFO:              m2cgen: Not installed
2025-09-10 19:47:22,256:INFO:           evidently: Not installed
2025-09-10 19:47:22,256:INFO:               fugue: Not installed
2025-09-10 19:47:22,256:INFO:           streamlit: Not installed
2025-09-10 19:47:22,256:INFO:             prophet: Not installed
2025-09-10 19:47:22,256:INFO:None
2025-09-10 19:47:22,256:INFO:Set up data.
2025-09-10 19:47:22,637:INFO:Set up folding strategy.
2025-09-10 19:47:22,637:INFO:Set up train/test split.
2025-09-10 19:47:22,933:INFO:Set up index.
2025-09-10 19:47:22,942:INFO:Assigning column types.
2025-09-10 19:47:23,066:INFO:Engine successfully changes for model 'lr' to 'sklearn'.
2025-09-10 19:47:23,106:INFO:Engine for model 'knn' has not been set explicitly, hence returning None.
2025-09-10 19:47:23,110:INFO:Engine for model 'rbfsvm' has not been set explicitly, hence returning None.
2025-09-10 19:47:23,142:INFO:Soft dependency imported: xgboost: 3.0.5
2025-09-10 19:47:23,145:WARNING:
'catboost' is a soft dependency and not included in the pycaret installation. Please run: `pip install catboost` to install.
Alternately, you can install this by running `pip install pycaret[models]`
2025-09-10 19:47:23,186:INFO:Engine for model 'knn' has not been set explicitly, hence returning None.
2025-09-10 19:47:23,187:INFO:Engine for model 'rbfsvm' has not been set explicitly, hence returning None.
2025-09-10 19:47:23,213:INFO:Soft dependency imported: xgboost: 3.0.5
2025-09-10 19:47:23,215:WARNING:
'catboost' is a soft dependency and not included in the pycaret installation. Please run: `pip install catboost` to install.
Alternately, you can install this by running `pip install pycaret[models]`
2025-09-10 19:47:23,216:INFO:Engine successfully changes for model 'knn' to 'sklearn'.
2025-09-10 19:47:23,257:INFO:Engine for model 'rbfsvm' has not been set explicitly, hence returning None.
2025-09-10 19:47:23,283:INFO:Soft dependency imported: xgboost: 3.0.5
2025-09-10 19:47:23,285:WARNING:
'catboost' is a soft dependency and not included in the pycaret installation. Please run: `pip install catboost` to install.
Alternately, you can install this by running `pip install pycaret[models]`
2025-09-10 19:47:23,326:INFO:Engine for model 'rbfsvm' has not been set explicitly, hence returning None.
2025-09-10 19:47:23,351:INFO:Soft dependency imported: xgboost: 3.0.5
2025-09-10 19:47:23,354:WARNING:
'catboost' is a soft dependency and not included in the pycaret installation. Please run: `pip install catboost` to install.
Alternately, you can install this by running `pip install pycaret[models]`
2025-09-10 19:47:23,354:INFO:Engine successfully changes for model 'rbfsvm' to 'sklearn'.
2025-09-10 19:47:23,419:INFO:Soft dependency imported: xgboost: 3.0.5
2025-09-10 19:47:23,421:WARNING:
'catboost' is a soft dependency and not included in the pycaret installation. Please run: `pip install catboost` to install.
Alternately, you can install this by running `pip install pycaret[models]`
2025-09-10 19:47:23,486:INFO:Soft dependency imported: xgboost: 3.0.5
2025-09-10 19:47:23,489:WARNING:
'catboost' is a soft dependency and not included in the pycaret installation. Please run: `pip install catboost` to install.
Alternately, you can install this by running `pip install pycaret[models]`
2025-09-10 19:47:23,491:INFO:Preparing preprocessing pipeline...
2025-09-10 19:47:23,508:INFO:Set up label encoding.
2025-09-10 19:47:23,508:INFO:Set up simple imputation.
2025-09-10 19:47:24,164:INFO:Finished creating preprocessing pipeline.
2025-09-10 19:47:24,167:INFO:Pipeline: Pipeline(memory=FastMemory(location=/run/user/1000/app/org.jupyter.JupyterLab/joblib),
         steps=[('label_encoding',
                 TransformerWrapperWithInverse(exclude=None, include=None,
                                               transformer=LabelEncoder())),
                ('numerical_imputer',
                 TransformerWrapper(exclude=None,
                                    include=['EventId', 'DER_mass_MMC',
                                             'DER_mass_transverse_met_lep',
                                             'DER_mass_vis', 'DER_pt_h',
                                             'DER_deltae...
                                    transformer=SimpleImputer(add_indicator=False,
                                                              copy=True,
                                                              fill_value=None,
                                                              keep_empty_features=False,
                                                              missing_values=nan,
                                                              strategy='mean'))),
                ('categorical_imputer',
                 TransformerWrapper(exclude=None, include=[],
                                    transformer=SimpleImputer(add_indicator=False,
                                                              copy=True,
                                                              fill_value=None,
                                                              keep_empty_features=False,
                                                              missing_values=nan,
                                                              strategy='most_frequent')))],
         verbose=False)
2025-09-10 19:47:24,168:INFO:Creating final display dataframe.
2025-09-10 19:47:25,613:INFO:Setup _display_container:                     Description             Value
0                    Session id               123
1                        Target             Label
2                   Target type            Binary
3                Target mapping        b: 0, s: 1
4           Original data shape      (250000, 36)
5        Transformed data shape      (250000, 36)
6   Transformed train set shape      (175000, 36)
7    Transformed test set shape       (75000, 36)
8              Numeric features                35
9                    Preprocess              True
10              Imputation type            simple
11           Numeric imputation              mean
12       Categorical imputation              mode
13               Fold Generator   StratifiedKFold
14                  Fold Number                10
15                     CPU Jobs                -1
16                      Use GPU             False
17               Log Experiment             False
18              Experiment Name  clf-default-name
19                          USI              22e6
2025-09-10 19:47:25,711:INFO:Soft dependency imported: xgboost: 3.0.5
2025-09-10 19:47:25,716:WARNING:
'catboost' is a soft dependency and not included in the pycaret installation. Please run: `pip install catboost` to install.
Alternately, you can install this by running `pip install pycaret[models]`
2025-09-10 19:47:25,796:INFO:Soft dependency imported: xgboost: 3.0.5
2025-09-10 19:47:25,799:WARNING:
'catboost' is a soft dependency and not included in the pycaret installation. Please run: `pip install catboost` to install.
Alternately, you can install this by running `pip install pycaret[models]`
2025-09-10 19:47:25,801:INFO:setup() successfully completed in 3.65s...............
2025-09-10 19:48:15,416:INFO:Initializing compare_models()
2025-09-10 19:48:15,417:INFO:compare_models(self=<pycaret.classification.oop.ClassificationExperiment object at 0x7fa56c4824d0>, include=None, exclude=None, fold=None, round=4, cross_validation=True, sort=Accuracy, n_select=1, budget_time=None, turbo=True, errors=ignore, fit_kwargs=None, groups=None, experiment_custom_tags=None, probability_threshold=None, verbose=True, parallel=None, caller_params={'self': <pycaret.classification.oop.ClassificationExperiment object at 0x7fa56c4824d0>, 'include': None, 'exclude': None, 'fold': None, 'round': 4, 'cross_validation': True, 'sort': 'Accuracy', 'n_select': 1, 'budget_time': None, 'turbo': True, 'errors': 'ignore', 'fit_kwargs': None, 'groups': None, 'experiment_custom_tags': None, 'probability_threshold': None, 'engine': None, 'verbose': True, 'parallel': None, '__class__': <class 'pycaret.classification.oop.ClassificationExperiment'>})
2025-09-10 19:48:15,417:INFO:Checking exceptions
2025-09-10 19:48:15,604:INFO:Preparing display monitor
2025-09-10 19:48:15,637:INFO:Initializing Logistic Regression
2025-09-10 19:48:15,638:INFO:Total runtime is 3.83456548055013e-06 minutes
2025-09-10 19:48:15,642:INFO:SubProcess create_model() called ==================================
2025-09-10 19:48:15,642:INFO:Initializing create_model()
2025-09-10 19:48:15,643:INFO:create_model(self=<pycaret.classification.oop.ClassificationExperiment object at 0x7fa56c4824d0>, estimator=lr, fold=StratifiedKFold(n_splits=10, random_state=None, shuffle=False), round=4, cross_validation=True, predict=True, fit_kwargs={}, groups=None, refit=False, probability_threshold=None, experiment_custom_tags=None, verbose=False, system=False, add_to_model_list=True, metrics=None, display=<pycaret.internal.display.display.CommonDisplay object at 0x7fa567e89f90>, model_only=True, return_train_score=False, error_score=0.0, kwargs={})
2025-09-10 19:48:15,643:INFO:Checking exceptions
2025-09-10 19:48:15,643:INFO:Importing libraries
2025-09-10 19:48:15,643:INFO:Copying training dataset
2025-09-10 19:48:15,836:INFO:Defining folds
2025-09-10 19:48:15,836:INFO:Declaring metric variables
2025-09-10 19:48:15,840:INFO:Importing untrained model
2025-09-10 19:48:15,845:INFO:Logistic Regression Imported successfully
2025-09-10 19:48:15,855:INFO:Starting cross validation
2025-09-10 19:48:15,857:INFO:Cross validating with StratifiedKFold(n_splits=10, random_state=None, shuffle=False), n_jobs=-1
2025-09-10 19:49:13,090:WARNING:/home/doodh/Downloads/venvs/pycaret/lib/python3.11/site-packages/sklearn/linear_model/_logistic.py:469: ConvergenceWarning: lbfgs failed to converge (status=1):
STOP: TOTAL NO. of ITERATIONS REACHED LIMIT.

Increase the number of iterations (max_iter) or scale the data as shown in:
    https://scikit-learn.org/stable/modules/preprocessing.html
Please also refer to the documentation for alternative solver options:
    https://scikit-learn.org/stable/modules/linear_model.html#logistic-regression
  n_iter_i = _check_optimize_result(

2025-09-10 19:49:13,374:WARNING:/home/doodh/Downloads/venvs/pycaret/lib/python3.11/site-packages/sklearn/metrics/_classification.py:1561: UserWarning: Note that pos_label (set to 's') is ignored when average != 'binary' (got 'weighted'). You may use labels=[pos_label] to specify a single positive class.
  warnings.warn(

2025-09-10 19:49:13,629:WARNING:/home/doodh/Downloads/venvs/pycaret/lib/python3.11/site-packages/sklearn/metrics/_classification.py:1561: UserWarning: Note that pos_label (set to 's') is ignored when average != 'binary' (got 'weighted'). You may use labels=[pos_label] to specify a single positive class.
  warnings.warn(

2025-09-10 19:49:13,877:WARNING:/home/doodh/Downloads/venvs/pycaret/lib/python3.11/site-packages/sklearn/metrics/_classification.py:1561: UserWarning: Note that pos_label (set to 's') is ignored when average != 'binary' (got 'weighted'). You may use labels=[pos_label] to specify a single positive class.
  warnings.warn(

2025-09-10 19:49:14,071:WARNING:/home/doodh/Downloads/venvs/pycaret/lib/python3.11/site-packages/sklearn/linear_model/_logistic.py:469: ConvergenceWarning: lbfgs failed to converge (status=1):
STOP: TOTAL NO. of ITERATIONS REACHED LIMIT.

Increase the number of iterations (max_iter) or scale the data as shown in:
    https://scikit-learn.org/stable/modules/preprocessing.html
Please also refer to the documentation for alternative solver options:
    https://scikit-learn.org/stable/modules/linear_model.html#logistic-regression
  n_iter_i = _check_optimize_result(

2025-09-10 19:49:14,126:WARNING:/home/doodh/Downloads/venvs/pycaret/lib/python3.11/site-packages/sklearn/linear_model/_logistic.py:469: ConvergenceWarning: lbfgs failed to converge (status=1):
STOP: TOTAL NO. of ITERATIONS REACHED LIMIT.

Increase the number of iterations (max_iter) or scale the data as shown in:
    https://scikit-learn.org/stable/modules/preprocessing.html
Please also refer to the documentation for alternative solver options:
    https://scikit-learn.org/stable/modules/linear_model.html#logistic-regression
  n_iter_i = _check_optimize_result(

2025-09-10 19:49:14,320:WARNING:/home/doodh/Downloads/venvs/pycaret/lib/python3.11/site-packages/sklearn/metrics/_classification.py:1561: UserWarning: Note that pos_label (set to 's') is ignored when average != 'binary' (got 'weighted'). You may use labels=[pos_label] to specify a single positive class.
  warnings.warn(

2025-09-10 19:49:14,374:WARNING:/home/doodh/Downloads/venvs/pycaret/lib/python3.11/site-packages/sklearn/metrics/_classification.py:1561: UserWarning: Note that pos_label (set to 's') is ignored when average != 'binary' (got 'weighted'). You may use labels=[pos_label] to specify a single positive class.
  warnings.warn(

2025-09-10 19:49:14,548:WARNING:/home/doodh/Downloads/venvs/pycaret/lib/python3.11/site-packages/sklearn/metrics/_classification.py:1561: UserWarning: Note that pos_label (set to 's') is ignored when average != 'binary' (got 'weighted'). You may use labels=[pos_label] to specify a single positive class.
  warnings.warn(

2025-09-10 19:49:14,585:WARNING:/home/doodh/Downloads/venvs/pycaret/lib/python3.11/site-packages/sklearn/linear_model/_logistic.py:469: ConvergenceWarning: lbfgs failed to converge (status=1):
STOP: TOTAL NO. of ITERATIONS REACHED LIMIT.

Increase the number of iterations (max_iter) or scale the data as shown in:
    https://scikit-learn.org/stable/modules/preprocessing.html
Please also refer to the documentation for alternative solver options:
    https://scikit-learn.org/stable/modules/linear_model.html#logistic-regression
  n_iter_i = _check_optimize_result(

2025-09-10 19:49:14,642:WARNING:/home/doodh/Downloads/venvs/pycaret/lib/python3.11/site-packages/sklearn/metrics/_classification.py:1561: UserWarning: Note that pos_label (set to 's') is ignored when average != 'binary' (got 'weighted'). You may use labels=[pos_label] to specify a single positive class.
  warnings.warn(

2025-09-10 19:49:14,800:WARNING:/home/doodh/Downloads/venvs/pycaret/lib/python3.11/site-packages/sklearn/metrics/_classification.py:1561: UserWarning: Note that pos_label (set to 's') is ignored when average != 'binary' (got 'weighted'). You may use labels=[pos_label] to specify a single positive class.
  warnings.warn(

2025-09-10 19:49:14,849:WARNING:/home/doodh/Downloads/venvs/pycaret/lib/python3.11/site-packages/sklearn/metrics/_classification.py:1561: UserWarning: Note that pos_label (set to 's') is ignored when average != 'binary' (got 'weighted'). You may use labels=[pos_label] to specify a single positive class.
  warnings.warn(

2025-09-10 19:49:14,883:WARNING:/home/doodh/Downloads/venvs/pycaret/lib/python3.11/site-packages/sklearn/metrics/_classification.py:1561: UserWarning: Note that pos_label (set to 's') is ignored when average != 'binary' (got 'weighted'). You may use labels=[pos_label] to specify a single positive class.
  warnings.warn(

2025-09-10 19:49:15,112:WARNING:/home/doodh/Downloads/venvs/pycaret/lib/python3.11/site-packages/sklearn/metrics/_classification.py:1561: UserWarning: Note that pos_label (set to 's') is ignored when average != 'binary' (got 'weighted'). You may use labels=[pos_label] to specify a single positive class.
  warnings.warn(

2025-09-10 19:49:15,333:WARNING:/home/doodh/Downloads/venvs/pycaret/lib/python3.11/site-packages/sklearn/metrics/_classification.py:1561: UserWarning: Note that pos_label (set to 's') is ignored when average != 'binary' (got 'weighted'). You may use labels=[pos_label] to specify a single positive class.
  warnings.warn(

2025-09-10 19:50:18,612:WARNING:/home/doodh/Downloads/venvs/pycaret/lib/python3.11/site-packages/sklearn/linear_model/_logistic.py:469: ConvergenceWarning: lbfgs failed to converge (status=1):
STOP: TOTAL NO. of ITERATIONS REACHED LIMIT.

Increase the number of iterations (max_iter) or scale the data as shown in:
    https://scikit-learn.org/stable/modules/preprocessing.html
Please also refer to the documentation for alternative solver options:
    https://scikit-learn.org/stable/modules/linear_model.html#logistic-regression
  n_iter_i = _check_optimize_result(

2025-09-10 19:50:18,865:WARNING:/home/doodh/Downloads/venvs/pycaret/lib/python3.11/site-packages/sklearn/metrics/_classification.py:1561: UserWarning: Note that pos_label (set to 's') is ignored when average != 'binary' (got 'weighted'). You may use labels=[pos_label] to specify a single positive class.
  warnings.warn(

2025-09-10 19:50:19,072:WARNING:/home/doodh/Downloads/venvs/pycaret/lib/python3.11/site-packages/sklearn/metrics/_classification.py:1561: UserWarning: Note that pos_label (set to 's') is ignored when average != 'binary' (got 'weighted'). You may use labels=[pos_label] to specify a single positive class.
  warnings.warn(

2025-09-10 19:50:19,645:WARNING:/home/doodh/Downloads/venvs/pycaret/lib/python3.11/site-packages/sklearn/metrics/_classification.py:1561: UserWarning: Note that pos_label (set to 's') is ignored when average != 'binary' (got 'weighted'). You may use labels=[pos_label] to specify a single positive class.
  warnings.warn(

2025-09-10 19:50:19,689:WARNING:/home/doodh/Downloads/venvs/pycaret/lib/python3.11/site-packages/sklearn/linear_model/_logistic.py:469: ConvergenceWarning: lbfgs failed to converge (status=1):
STOP: TOTAL NO. of ITERATIONS REACHED LIMIT.

Increase the number of iterations (max_iter) or scale the data as shown in:
    https://scikit-learn.org/stable/modules/preprocessing.html
Please also refer to the documentation for alternative solver options:
    https://scikit-learn.org/stable/modules/linear_model.html#logistic-regression
  n_iter_i = _check_optimize_result(

2025-09-10 19:50:19,915:WARNING:/home/doodh/Downloads/venvs/pycaret/lib/python3.11/site-packages/sklearn/metrics/_classification.py:1561: UserWarning: Note that pos_label (set to 's') is ignored when average != 'binary' (got 'weighted'). You may use labels=[pos_label] to specify a single positive class.
  warnings.warn(

2025-09-10 19:50:20,028:WARNING:/home/doodh/Downloads/venvs/pycaret/lib/python3.11/site-packages/sklearn/linear_model/_logistic.py:469: ConvergenceWarning: lbfgs failed to converge (status=1):
STOP: TOTAL NO. of ITERATIONS REACHED LIMIT.

Increase the number of iterations (max_iter) or scale the data as shown in:
    https://scikit-learn.org/stable/modules/preprocessing.html
Please also refer to the documentation for alternative solver options:
    https://scikit-learn.org/stable/modules/linear_model.html#logistic-regression
  n_iter_i = _check_optimize_result(

2025-09-10 19:50:20,114:WARNING:/home/doodh/Downloads/venvs/pycaret/lib/python3.11/site-packages/sklearn/metrics/_classification.py:1561: UserWarning: Note that pos_label (set to 's') is ignored when average != 'binary' (got 'weighted'). You may use labels=[pos_label] to specify a single positive class.
  warnings.warn(

2025-09-10 19:50:20,268:WARNING:/home/doodh/Downloads/venvs/pycaret/lib/python3.11/site-packages/sklearn/metrics/_classification.py:1561: UserWarning: Note that pos_label (set to 's') is ignored when average != 'binary' (got 'weighted'). You may use labels=[pos_label] to specify a single positive class.
  warnings.warn(

2025-09-10 19:50:20,320:WARNING:/home/doodh/Downloads/venvs/pycaret/lib/python3.11/site-packages/sklearn/metrics/_classification.py:1561: UserWarning: Note that pos_label (set to 's') is ignored when average != 'binary' (got 'weighted'). You may use labels=[pos_label] to specify a single positive class.
  warnings.warn(

2025-09-10 19:50:20,478:WARNING:/home/doodh/Downloads/venvs/pycaret/lib/python3.11/site-packages/sklearn/metrics/_classification.py:1561: UserWarning: Note that pos_label (set to 's') is ignored when average != 'binary' (got 'weighted'). You may use labels=[pos_label] to specify a single positive class.
  warnings.warn(

2025-09-10 19:50:20,491:WARNING:/home/doodh/Downloads/venvs/pycaret/lib/python3.11/site-packages/sklearn/linear_model/_logistic.py:469: ConvergenceWarning: lbfgs failed to converge (status=1):
STOP: TOTAL NO. of ITERATIONS REACHED LIMIT.

Increase the number of iterations (max_iter) or scale the data as shown in:
    https://scikit-learn.org/stable/modules/preprocessing.html
Please also refer to the documentation for alternative solver options:
    https://scikit-learn.org/stable/modules/linear_model.html#logistic-regression
  n_iter_i = _check_optimize_result(

2025-09-10 19:50:20,688:WARNING:/home/doodh/Downloads/venvs/pycaret/lib/python3.11/site-packages/sklearn/metrics/_classification.py:1561: UserWarning: Note that pos_label (set to 's') is ignored when average != 'binary' (got 'weighted'). You may use labels=[pos_label] to specify a single positive class.
  warnings.warn(

2025-09-10 19:50:20,741:WARNING:/home/doodh/Downloads/venvs/pycaret/lib/python3.11/site-packages/sklearn/metrics/_classification.py:1561: UserWarning: Note that pos_label (set to 's') is ignored when average != 'binary' (got 'weighted'). You may use labels=[pos_label] to specify a single positive class.
  warnings.warn(

2025-09-10 19:50:20,979:WARNING:/home/doodh/Downloads/venvs/pycaret/lib/python3.11/site-packages/sklearn/metrics/_classification.py:1561: UserWarning: Note that pos_label (set to 's') is ignored when average != 'binary' (got 'weighted'). You may use labels=[pos_label] to specify a single positive class.
  warnings.warn(

2025-09-10 19:50:21,518:WARNING:/home/doodh/Downloads/venvs/pycaret/lib/python3.11/site-packages/sklearn/metrics/_classification.py:1561: UserWarning: Note that pos_label (set to 's') is ignored when average != 'binary' (got 'weighted'). You may use labels=[pos_label] to specify a single positive class.
  warnings.warn(

2025-09-10 19:50:52,472:WARNING:/home/doodh/Downloads/venvs/pycaret/lib/python3.11/site-packages/sklearn/linear_model/_logistic.py:469: ConvergenceWarning: lbfgs failed to converge (status=1):
STOP: TOTAL NO. of ITERATIONS REACHED LIMIT.

Increase the number of iterations (max_iter) or scale the data as shown in:
    https://scikit-learn.org/stable/modules/preprocessing.html
Please also refer to the documentation for alternative solver options:
    https://scikit-learn.org/stable/modules/linear_model.html#logistic-regression
  n_iter_i = _check_optimize_result(

2025-09-10 19:50:52,619:WARNING:/home/doodh/Downloads/venvs/pycaret/lib/python3.11/site-packages/sklearn/metrics/_classification.py:1561: UserWarning: Note that pos_label (set to 's') is ignored when average != 'binary' (got 'weighted'). You may use labels=[pos_label] to specify a single positive class.
  warnings.warn(

2025-09-10 19:50:52,739:WARNING:/home/doodh/Downloads/venvs/pycaret/lib/python3.11/site-packages/sklearn/metrics/_classification.py:1561: UserWarning: Note that pos_label (set to 's') is ignored when average != 'binary' (got 'weighted'). You may use labels=[pos_label] to specify a single positive class.
  warnings.warn(

2025-09-10 19:50:52,865:WARNING:/home/doodh/Downloads/venvs/pycaret/lib/python3.11/site-packages/sklearn/metrics/_classification.py:1561: UserWarning: Note that pos_label (set to 's') is ignored when average != 'binary' (got 'weighted'). You may use labels=[pos_label] to specify a single positive class.
  warnings.warn(

2025-09-10 19:50:53,625:WARNING:/home/doodh/Downloads/venvs/pycaret/lib/python3.11/site-packages/sklearn/linear_model/_logistic.py:469: ConvergenceWarning: lbfgs failed to converge (status=1):
STOP: TOTAL NO. of ITERATIONS REACHED LIMIT.

Increase the number of iterations (max_iter) or scale the data as shown in:
    https://scikit-learn.org/stable/modules/preprocessing.html
Please also refer to the documentation for alternative solver options:
    https://scikit-learn.org/stable/modules/linear_model.html#logistic-regression
  n_iter_i = _check_optimize_result(

2025-09-10 19:50:53,753:WARNING:/home/doodh/Downloads/venvs/pycaret/lib/python3.11/site-packages/sklearn/metrics/_classification.py:1561: UserWarning: Note that pos_label (set to 's') is ignored when average != 'binary' (got 'weighted'). You may use labels=[pos_label] to specify a single positive class.
  warnings.warn(

2025-09-10 19:50:53,865:WARNING:/home/doodh/Downloads/venvs/pycaret/lib/python3.11/site-packages/sklearn/metrics/_classification.py:1561: UserWarning: Note that pos_label (set to 's') is ignored when average != 'binary' (got 'weighted'). You may use labels=[pos_label] to specify a single positive class.
  warnings.warn(

2025-09-10 19:50:53,976:WARNING:/home/doodh/Downloads/venvs/pycaret/lib/python3.11/site-packages/sklearn/metrics/_classification.py:1561: UserWarning: Note that pos_label (set to 's') is ignored when average != 'binary' (got 'weighted'). You may use labels=[pos_label] to specify a single positive class.
  warnings.warn(

2025-09-10 19:50:54,231:INFO:Calculating mean and std
2025-09-10 19:50:54,233:INFO:Creating metrics dataframe
2025-09-10 19:50:54,236:INFO:Uploading results into container
2025-09-10 19:50:54,239:INFO:Uploading model into container now
2025-09-10 19:50:54,240:INFO:_master_model_container: 1
2025-09-10 19:50:54,240:INFO:_display_container: 2
2025-09-10 19:50:54,241:INFO:LogisticRegression(C=1.0, class_weight=None, dual=False, fit_intercept=True,
                   intercept_scaling=1, l1_ratio=None, max_iter=1000,
                   multi_class='auto', n_jobs=None, penalty='l2',
                   random_state=123, solver='lbfgs', tol=0.0001, verbose=0,
                   warm_start=False)
2025-09-10 19:50:54,241:INFO:create_model() successfully completed......................................
2025-09-10 19:50:54,370:INFO:SubProcess create_model() end ==================================
2025-09-10 19:50:54,370:INFO:Creating metrics dataframe
2025-09-10 19:50:54,378:INFO:Initializing K Neighbors Classifier
2025-09-10 19:50:54,378:INFO:Total runtime is 2.645679863293966 minutes
2025-09-10 19:50:54,381:INFO:SubProcess create_model() called ==================================
2025-09-10 19:50:54,382:INFO:Initializing create_model()
2025-09-10 19:50:54,382:INFO:create_model(self=<pycaret.classification.oop.ClassificationExperiment object at 0x7fa56c4824d0>, estimator=knn, fold=StratifiedKFold(n_splits=10, random_state=None, shuffle=False), round=4, cross_validation=True, predict=True, fit_kwargs={}, groups=None, refit=False, probability_threshold=None, experiment_custom_tags=None, verbose=False, system=False, add_to_model_list=True, metrics=None, display=<pycaret.internal.display.display.CommonDisplay object at 0x7fa567e89f90>, model_only=True, return_train_score=False, error_score=0.0, kwargs={})
2025-09-10 19:50:54,382:INFO:Checking exceptions
2025-09-10 19:50:54,382:INFO:Importing libraries
2025-09-10 19:50:54,382:INFO:Copying training dataset
2025-09-10 19:50:54,583:INFO:Defining folds
2025-09-10 19:50:54,583:INFO:Declaring metric variables
2025-09-10 19:50:54,586:INFO:Importing untrained model
2025-09-10 19:50:54,591:INFO:K Neighbors Classifier Imported successfully
2025-09-10 19:50:54,602:INFO:Starting cross validation
2025-09-10 19:50:54,603:INFO:Cross validating with StratifiedKFold(n_splits=10, random_state=None, shuffle=False), n_jobs=-1
2025-09-10 19:52:42,019:WARNING:/home/doodh/Downloads/venvs/pycaret/lib/python3.11/site-packages/sklearn/metrics/_classification.py:1561: UserWarning: Note that pos_label (set to 's') is ignored when average != 'binary' (got 'weighted'). You may use labels=[pos_label] to specify a single positive class.
  warnings.warn(

2025-09-10 19:52:42,067:WARNING:/home/doodh/Downloads/venvs/pycaret/lib/python3.11/site-packages/sklearn/metrics/_classification.py:1561: UserWarning: Note that pos_label (set to 's') is ignored when average != 'binary' (got 'weighted'). You may use labels=[pos_label] to specify a single positive class.
  warnings.warn(

2025-09-10 19:52:42,245:WARNING:/home/doodh/Downloads/venvs/pycaret/lib/python3.11/site-packages/sklearn/metrics/_classification.py:1561: UserWarning: Note that pos_label (set to 's') is ignored when average != 'binary' (got 'weighted'). You may use labels=[pos_label] to specify a single positive class.
  warnings.warn(

2025-09-10 19:52:42,298:WARNING:/home/doodh/Downloads/venvs/pycaret/lib/python3.11/site-packages/sklearn/metrics/_classification.py:1561: UserWarning: Note that pos_label (set to 's') is ignored when average != 'binary' (got 'weighted'). You may use labels=[pos_label] to specify a single positive class.
  warnings.warn(

2025-09-10 19:52:42,471:WARNING:/home/doodh/Downloads/venvs/pycaret/lib/python3.11/site-packages/sklearn/metrics/_classification.py:1561: UserWarning: Note that pos_label (set to 's') is ignored when average != 'binary' (got 'weighted'). You may use labels=[pos_label] to specify a single positive class.
  warnings.warn(

2025-09-10 19:52:42,526:WARNING:/home/doodh/Downloads/venvs/pycaret/lib/python3.11/site-packages/sklearn/metrics/_classification.py:1561: UserWarning: Note that pos_label (set to 's') is ignored when average != 'binary' (got 'weighted'). You may use labels=[pos_label] to specify a single positive class.
  warnings.warn(

2025-09-10 19:52:42,788:WARNING:/home/doodh/Downloads/venvs/pycaret/lib/python3.11/site-packages/sklearn/metrics/_classification.py:1561: UserWarning: Note that pos_label (set to 's') is ignored when average != 'binary' (got 'weighted'). You may use labels=[pos_label] to specify a single positive class.
  warnings.warn(

2025-09-10 19:52:43,400:WARNING:/home/doodh/Downloads/venvs/pycaret/lib/python3.11/site-packages/sklearn/metrics/_classification.py:1561: UserWarning: Note that pos_label (set to 's') is ignored when average != 'binary' (got 'weighted'). You may use labels=[pos_label] to specify a single positive class.
  warnings.warn(

2025-09-10 19:52:43,440:WARNING:/home/doodh/Downloads/venvs/pycaret/lib/python3.11/site-packages/sklearn/metrics/_classification.py:1561: UserWarning: Note that pos_label (set to 's') is ignored when average != 'binary' (got 'weighted'). You may use labels=[pos_label] to specify a single positive class.
  warnings.warn(

2025-09-10 19:52:43,609:WARNING:/home/doodh/Downloads/venvs/pycaret/lib/python3.11/site-packages/sklearn/metrics/_classification.py:1561: UserWarning: Note that pos_label (set to 's') is ignored when average != 'binary' (got 'weighted'). You may use labels=[pos_label] to specify a single positive class.
  warnings.warn(

2025-09-10 19:52:43,691:WARNING:/home/doodh/Downloads/venvs/pycaret/lib/python3.11/site-packages/sklearn/metrics/_classification.py:1561: UserWarning: Note that pos_label (set to 's') is ignored when average != 'binary' (got 'weighted'). You may use labels=[pos_label] to specify a single positive class.
  warnings.warn(

2025-09-10 19:52:43,824:WARNING:/home/doodh/Downloads/venvs/pycaret/lib/python3.11/site-packages/sklearn/metrics/_classification.py:1561: UserWarning: Note that pos_label (set to 's') is ignored when average != 'binary' (got 'weighted'). You may use labels=[pos_label] to specify a single positive class.
  warnings.warn(

